{
 "cells": [
  {
   "cell_type": "code",
   "execution_count": null,
   "metadata": {},
   "outputs": [],
   "source": [
    "#드라이버 연결 인스턴스\n",
    "driver = webdriver.Chrome(\"C:/Users/user/anaconda3/chromedriver\")\n",
    "driver.get(\"https://m.search.naver.com/search.naver?sm=mtb_hty.top&where=m_article&oquery=%EC%B9%B4%ED%8E%98&tqi=UGQnDwp0Jx8ssAr64clssssss1C-071789&query=%EC%BD%94%EB%A1%9C%EB%82%98\")\n",
    "# keyword = driver.find_element_by_name(\"query\")\n",
    "# keyword.send_keys(\"코로나\")\n",
    "time.sleep(3)"
   ]
  },
  {
   "cell_type": "code",
   "execution_count": 1,
   "metadata": {},
   "outputs": [],
   "source": [
    "import requests\n",
    "from selenium import webdriver\n",
    "from bs4 import BeautifulSoup as bs \n",
    "import pandas as pd\n",
    "import time"
   ]
  },
  {
   "cell_type": "markdown",
   "metadata": {},
   "source": [
    "<!-- def get_list(keyword, page) : \n",
    "    url = \"https://m.cafe.naver.com/ArticleSearchListAjax.nhn?search.query=\" + keyword + \\\n",
    "    \"&search.menuid=&search.searchBy=0&search.sortBy=date&search.clubid=10258021&search.option=0&search.defaultValue=&search.page=\" + \\\n",
    "    str(page)\n",
    "    response = requests.get(url)\n",
    "    dom = bs(response.content, \"html.parser\")\n",
    "    return dom.select(\"a\")\n",
    "\n",
    "dom = get_list(\"코로나\", 1) -->"
   ]
  },
  {
   "cell_type": "code",
   "execution_count": 2,
   "metadata": {},
   "outputs": [],
   "source": [
    "driver = webdriver.Chrome(\"C:/Users/user/anaconda3/chromedriver\")\n",
    "driver.implicitly_wait(3)"
   ]
  },
  {
   "cell_type": "code",
   "execution_count": 3,
   "metadata": {},
   "outputs": [],
   "source": [
    "driver = webdriver.Chrome(\"C:/Users/user/anaconda3/chromedriver\")\n",
    "driver.implicitly_wait(3)\n",
    "driver.get('https://m.search.naver.com/search.naver?where=m_article&sm=mtb_viw.all&query=%EC%BD%94%EB%A1%9C%EB%82%98&nso=')\n",
    "driver.find_element_by_xpath('//*[@id=\"addParemt\"]/li[1]/div[1]/a').click()"
   ]
  },
  {
   "cell_type": "code",
   "execution_count": 9,
   "metadata": {},
   "outputs": [
    {
     "name": "stdout",
     "output_type": "stream",
     "text": [
      "코로나가 진짜 위험한 병일까요??\n"
     ]
    }
   ],
   "source": [
    "title = driver.find_elements_by_css_selector(\"#ct > div:nth-child(1) > div > h2\")\n",
    "print(title[0].text)"
   ]
  },
  {
   "cell_type": "code",
   "execution_count": 5,
   "metadata": {},
   "outputs": [
    {
     "name": "stdout",
     "output_type": "stream",
     "text": [
      "온 세계가 마비되고 경제도 스탑된 코로나의 국내 현황입니다\n",
      "그 난리가난 반년동안 확진자는 2만명에 사망자는 363명인데\n",
      "2018년 통계청 기준 \n",
      "2018년 암으로 8만명, 심장질환 3만명, 폐렴으로 2만명 사망하였습니다.\n",
      "특히 코로나의 대표 사망원인인 폐렴은 그해 23,280명으로 사망하였는데\n",
      "올해 코로나는 363명이구요...\n",
      "감염자 1000명중에 363명이 사망했다면 매우 위험한 병이 맞지만 치사율은 1퍼센트 전후입니다.\n",
      "스치면 죽는병이 아니라는거죠... 코로나의 대표적인 사망증상은 폐렴등의 기저질환 사망이기 때문에 그 패턴이 독감과 비슷합니다.\n",
      "코로나로 인한 폐렴사망자 (2020년 반년) = 363명\n",
      "일반독감으로 인한 폐렴사망자 (2018년 한해) = 23,280명\n",
      "뭐가 더 위험한 병일까요??\n",
      "물론 데이터로만 말하는거라 단편적일수도 있는데 데이터도 무시할수는 없지요.\n",
      "독감에서 오는 폐렴 = 그해 독감은 원래 백신이 없습니다. 현재 코로나도 마찬가지죠.\n",
      "게다가 2018년의 독감 환자도 병원에서 충분한 치료를 진행한 전제이기에 완전히 비교 불가상의 데이터는 아닌것 같습니다.\n",
      "반년동안 지켜본 결과 이렇게까지 전세계가 마비되어야 할 정도인지 이젠 의심이 들긴 합니다\n",
      "물론 확진자가 100만단위가 넘어가는 미국이나 인도 브라질은 의료시설이나 의료체계가 미비하고, 현재 치료를 놓아버렸기 때문에 폭발적으로 나오지만 치사율은 그렇게 높지 않습니다. \n",
      "즉, 거꾸로 말하면 한국같은 방역과 의료가 잘되있는 나라에서 수치로 말할땐 병자체로는 매우 심각한병이 아니라는 말이되죠.\n",
      "우리 세계인들은 원래부터 다른 질병들도 코로나랑 비슷하거나 더한 수치로 감염되고 사망하였으나, 이번 코로나처럼 데이터적으로 시각적으로 더 위협적이게 느껴지는게 아닐까요?\n",
      "물론 조심해서 나쁠건 없지만, 아직도 지하철 공원 식당 카페에는 사람이 바글바글 한데, 일부 업종들만 제한한다고 해서 뭐가 달라질게 있으며, 치사율 사망율도 극단적으로 높은것도 아니고 마스크도 언제까지 써야하나 과연 이러한 방역은 의미가 있는걸까 회의감이 들어오네요.\n",
      "종식이라는 말이 과연 존재하는 걸까요??\n",
      "아직 시기 상조겠지만, 병의 강도를 추정하여 적절한 방역강도를 조정하는것은 의미있는 일이라고 생각합니다. 내년에 또 코로나21이 발생했다해서, 이렇게 온세계가 폐쇄되는건 너무 절망적입니다. 그때도 백신이 없고 확진자는 늘어날텐데요.\n"
     ]
    }
   ],
   "source": [
    "post = driver.find_elements_by_css_selector(\"#postContent\")\n",
    "print(post[0].text)"
   ]
  },
  {
   "cell_type": "code",
   "execution_count": 6,
   "metadata": {},
   "outputs": [
    {
     "name": "stdout",
     "output_type": "stream",
     "text": [
      "299\n"
     ]
    }
   ],
   "source": [
    "reply_num = driver.find_elements_by_css_selector('#app > div > div > div.ArticleContentWrap > div.footer_fix > div > a.f_reply > em')\n",
    "print(reply_num[0].text)"
   ]
  },
  {
   "cell_type": "code",
   "execution_count": 10,
   "metadata": {},
   "outputs": [],
   "source": [
    "driver.find_element_by_xpath('//*[@id=\"app\"]/div/div/div[2]/div[2]/div/a[1]/em').click()"
   ]
  },
  {
   "cell_type": "markdown",
   "metadata": {},
   "source": [
    "### 오류: Only the following pseudo-classes are implemented: nth-of-type.selenium\n",
    "####  tr:nth ->nth-of-type 으로 바꿔준다. "
   ]
  },
  {
   "cell_type": "code",
   "execution_count": 11,
   "metadata": {},
   "outputs": [
    {
     "data": {
      "text/plain": [
       "'이데쉬\\n            '"
      ]
     },
     "execution_count": 11,
     "metadata": {},
     "output_type": "execute_result"
    }
   ],
   "source": [
    "#닉네임 추출\n",
    "html_source = driver.page_source\n",
    "cafe_reply = bs(html_source, \"html.parser\")\n",
    "reply = cafe_reply.select(\"\" ) #.은 class. \n",
    "reply[0].text"
   ]
  },
  {
   "cell_type": "code",
   "execution_count": 24,
   "metadata": {},
   "outputs": [
    {
     "data": {
      "text/plain": [
       "0"
      ]
     },
     "execution_count": 24,
     "metadata": {},
     "output_type": "execute_result"
    }
   ],
   "source": [
    "html_source = driver.page_source\n",
    "cafe_reply = bs(html_source, \"html.parser\")\n",
    "reply = cafe_reply.select(\".CommentListItem > .lst_wp >.thumb_area> p \" ) #.은 class. \n",
    "len(reply)"
   ]
  },
  {
   "cell_type": "code",
   "execution_count": 111,
   "metadata": {},
   "outputs": [
    {
     "ename": "NotImplementedError",
     "evalue": "Only numeric values are currently supported for the nth-of-type pseudo-class.",
     "output_type": "error",
     "traceback": [
      "\u001b[1;31m---------------------------------------------------------------------------\u001b[0m",
      "\u001b[1;31mTypeError\u001b[0m                                 Traceback (most recent call last)",
      "\u001b[1;32m~\\anaconda3\\lib\\site-packages\\bs4\\element.py\u001b[0m in \u001b[0;36mselect\u001b[1;34m(self, selector, _candidate_generator, limit)\u001b[0m\n\u001b[0;32m   1429\u001b[0m                     \u001b[1;32mtry\u001b[0m\u001b[1;33m:\u001b[0m\u001b[1;33m\u001b[0m\u001b[1;33m\u001b[0m\u001b[0m\n\u001b[1;32m-> 1430\u001b[1;33m                         \u001b[0mpseudo_value\u001b[0m \u001b[1;33m=\u001b[0m \u001b[0mint\u001b[0m\u001b[1;33m(\u001b[0m\u001b[0mpseudo_value\u001b[0m\u001b[1;33m)\u001b[0m\u001b[1;33m\u001b[0m\u001b[1;33m\u001b[0m\u001b[0m\n\u001b[0m\u001b[0;32m   1431\u001b[0m                     \u001b[1;32mexcept\u001b[0m\u001b[1;33m:\u001b[0m\u001b[1;33m\u001b[0m\u001b[1;33m\u001b[0m\u001b[0m\n",
      "\u001b[1;31mTypeError\u001b[0m: int() argument must be a string, a bytes-like object or a number, not 'NoneType'",
      "\nDuring handling of the above exception, another exception occurred:\n",
      "\u001b[1;31mNotImplementedError\u001b[0m                       Traceback (most recent call last)",
      "\u001b[1;32m<ipython-input-111-ac6012d75fbb>\u001b[0m in \u001b[0;36m<module>\u001b[1;34m\u001b[0m\n\u001b[0;32m      5\u001b[0m \u001b[1;31m#reply = bs_obj.select(\".total_wrap > .total_sub > a\") #.은 class.\u001b[0m\u001b[1;33m\u001b[0m\u001b[1;33m\u001b[0m\u001b[1;33m\u001b[0m\u001b[0m\n\u001b[0;32m      6\u001b[0m \u001b[1;31m# for i in range(1,16):\u001b[0m\u001b[1;33m\u001b[0m\u001b[1;33m\u001b[0m\u001b[1;33m\u001b[0m\u001b[0m\n\u001b[1;32m----> 7\u001b[1;33m \u001b[0mreply\u001b[0m \u001b[1;33m=\u001b[0m \u001b[0mbs_obj\u001b[0m\u001b[1;33m.\u001b[0m\u001b[0mselect\u001b[0m\u001b[1;33m(\u001b[0m\u001b[1;34m\"#addParemt > li:nth-of-type > div.total_wrap > a\"\u001b[0m\u001b[1;33m)\u001b[0m\u001b[1;33m\u001b[0m\u001b[1;33m\u001b[0m\u001b[0m\n\u001b[0m\u001b[0;32m      8\u001b[0m \u001b[1;32mfor\u001b[0m \u001b[0ma\u001b[0m \u001b[1;32min\u001b[0m \u001b[0mreply\u001b[0m\u001b[1;33m:\u001b[0m\u001b[1;33m\u001b[0m\u001b[1;33m\u001b[0m\u001b[0m\n\u001b[0;32m      9\u001b[0m     \u001b[0mhref\u001b[0m \u001b[1;33m=\u001b[0m \u001b[0ma\u001b[0m\u001b[1;33m.\u001b[0m\u001b[0mattrs\u001b[0m\u001b[1;33m[\u001b[0m\u001b[1;34m'href'\u001b[0m\u001b[1;33m]\u001b[0m\u001b[1;33m\u001b[0m\u001b[1;33m\u001b[0m\u001b[0m\n",
      "\u001b[1;32m~\\anaconda3\\lib\\site-packages\\bs4\\element.py\u001b[0m in \u001b[0;36mselect\u001b[1;34m(self, selector, _candidate_generator, limit)\u001b[0m\n\u001b[0;32m   1530\u001b[0m                     print(\"    Running candidate generator on %s %s\" % (\n\u001b[0;32m   1531\u001b[0m                         tag.name, repr(tag.attrs)))\n\u001b[1;32m-> 1532\u001b[1;33m                 \u001b[1;32mfor\u001b[0m \u001b[0mcandidate\u001b[0m \u001b[1;32min\u001b[0m \u001b[0m_use_candidate_generator\u001b[0m\u001b[1;33m(\u001b[0m\u001b[0mtag\u001b[0m\u001b[1;33m)\u001b[0m\u001b[1;33m:\u001b[0m\u001b[1;33m\u001b[0m\u001b[1;33m\u001b[0m\u001b[0m\n\u001b[0m\u001b[0;32m   1533\u001b[0m                     \u001b[1;32mif\u001b[0m \u001b[1;32mnot\u001b[0m \u001b[0misinstance\u001b[0m\u001b[1;33m(\u001b[0m\u001b[0mcandidate\u001b[0m\u001b[1;33m,\u001b[0m \u001b[0mTag\u001b[0m\u001b[1;33m)\u001b[0m\u001b[1;33m:\u001b[0m\u001b[1;33m\u001b[0m\u001b[1;33m\u001b[0m\u001b[0m\n\u001b[0;32m   1534\u001b[0m                         \u001b[1;32mcontinue\u001b[0m\u001b[1;33m\u001b[0m\u001b[1;33m\u001b[0m\u001b[0m\n",
      "\u001b[1;32m~\\anaconda3\\lib\\site-packages\\bs4\\element.py\u001b[0m in \u001b[0;36mrecursive_select\u001b[1;34m(tag)\u001b[0m\n\u001b[0;32m   1491\u001b[0m                         \u001b[0mprint\u001b[0m\u001b[1;33m(\u001b[0m\u001b[1;34m'    Calling select(\"%s\") recursively on %s %s'\u001b[0m \u001b[1;33m%\u001b[0m \u001b[1;33m(\u001b[0m\u001b[0mnext_token\u001b[0m\u001b[1;33m,\u001b[0m \u001b[0mtag\u001b[0m\u001b[1;33m.\u001b[0m\u001b[0mname\u001b[0m\u001b[1;33m,\u001b[0m \u001b[0mtag\u001b[0m\u001b[1;33m.\u001b[0m\u001b[0mattrs\u001b[0m\u001b[1;33m)\u001b[0m\u001b[1;33m)\u001b[0m\u001b[1;33m\u001b[0m\u001b[1;33m\u001b[0m\u001b[0m\n\u001b[0;32m   1492\u001b[0m                         \u001b[0mprint\u001b[0m\u001b[1;33m(\u001b[0m\u001b[1;34m'-'\u001b[0m \u001b[1;33m*\u001b[0m \u001b[1;36m40\u001b[0m\u001b[1;33m)\u001b[0m\u001b[1;33m\u001b[0m\u001b[1;33m\u001b[0m\u001b[0m\n\u001b[1;32m-> 1493\u001b[1;33m                     \u001b[1;32mfor\u001b[0m \u001b[0mi\u001b[0m \u001b[1;32min\u001b[0m \u001b[0mtag\u001b[0m\u001b[1;33m.\u001b[0m\u001b[0mselect\u001b[0m\u001b[1;33m(\u001b[0m\u001b[0mnext_token\u001b[0m\u001b[1;33m,\u001b[0m \u001b[0mrecursive_candidate_generator\u001b[0m\u001b[1;33m)\u001b[0m\u001b[1;33m:\u001b[0m\u001b[1;33m\u001b[0m\u001b[1;33m\u001b[0m\u001b[0m\n\u001b[0m\u001b[0;32m   1494\u001b[0m                         \u001b[1;32mif\u001b[0m \u001b[0mself\u001b[0m\u001b[1;33m.\u001b[0m\u001b[0m_select_debug\u001b[0m\u001b[1;33m:\u001b[0m\u001b[1;33m\u001b[0m\u001b[1;33m\u001b[0m\u001b[0m\n\u001b[0;32m   1495\u001b[0m                             \u001b[0mprint\u001b[0m\u001b[1;33m(\u001b[0m\u001b[1;34m'(Recursive select picked up candidate %s %s)'\u001b[0m \u001b[1;33m%\u001b[0m \u001b[1;33m(\u001b[0m\u001b[0mi\u001b[0m\u001b[1;33m.\u001b[0m\u001b[0mname\u001b[0m\u001b[1;33m,\u001b[0m \u001b[0mi\u001b[0m\u001b[1;33m.\u001b[0m\u001b[0mattrs\u001b[0m\u001b[1;33m)\u001b[0m\u001b[1;33m)\u001b[0m\u001b[1;33m\u001b[0m\u001b[1;33m\u001b[0m\u001b[0m\n",
      "\u001b[1;32m~\\anaconda3\\lib\\site-packages\\bs4\\element.py\u001b[0m in \u001b[0;36mselect\u001b[1;34m(self, selector, _candidate_generator, limit)\u001b[0m\n\u001b[0;32m   1430\u001b[0m                         \u001b[0mpseudo_value\u001b[0m \u001b[1;33m=\u001b[0m \u001b[0mint\u001b[0m\u001b[1;33m(\u001b[0m\u001b[0mpseudo_value\u001b[0m\u001b[1;33m)\u001b[0m\u001b[1;33m\u001b[0m\u001b[1;33m\u001b[0m\u001b[0m\n\u001b[0;32m   1431\u001b[0m                     \u001b[1;32mexcept\u001b[0m\u001b[1;33m:\u001b[0m\u001b[1;33m\u001b[0m\u001b[1;33m\u001b[0m\u001b[0m\n\u001b[1;32m-> 1432\u001b[1;33m                         raise NotImplementedError(\n\u001b[0m\u001b[0;32m   1433\u001b[0m                             'Only numeric values are currently supported for the nth-of-type pseudo-class.')\n\u001b[0;32m   1434\u001b[0m                     \u001b[1;32mif\u001b[0m \u001b[0mpseudo_value\u001b[0m \u001b[1;33m<\u001b[0m \u001b[1;36m1\u001b[0m\u001b[1;33m:\u001b[0m\u001b[1;33m\u001b[0m\u001b[1;33m\u001b[0m\u001b[0m\n",
      "\u001b[1;31mNotImplementedError\u001b[0m: Only numeric values are currently supported for the nth-of-type pseudo-class."
     ]
    }
   ],
   "source": [
    "html_source = driver.page_source\n",
    "\n",
    "cafe_reply = bs(html_source, \"html.parser\")\n",
    "# If_items = bs_obj.find_all(\"div\",{'class':'total_wrap'})\n",
    "#reply = bs_obj.select(\".total_wrap > .total_sub > a\") #.은 class. \n",
    "# for i in range(1,16):\n",
    "reply = bs_obj.select(\"#addParemt > li:nth-of-type > div.total_wrap > a\")\n",
    "for a in reply:\n",
    "    href = a.attrs['href']\n",
    "    print(href)"
   ]
  },
  {
   "cell_type": "code",
   "execution_count": 102,
   "metadata": {},
   "outputs": [
    {
     "ename": "NameError",
     "evalue": "name 'soups' is not defined",
     "output_type": "error",
     "traceback": [
      "\u001b[1;31m---------------------------------------------------------------------------\u001b[0m",
      "\u001b[1;31mNameError\u001b[0m                                 Traceback (most recent call last)",
      "\u001b[1;32m<ipython-input-102-5bc50a349e9b>\u001b[0m in \u001b[0;36m<module>\u001b[1;34m\u001b[0m\n\u001b[1;32m----> 1\u001b[1;33m \u001b[0mreply\u001b[0m \u001b[1;33m=\u001b[0m \u001b[0msoups\u001b[0m\u001b[1;33m.\u001b[0m\u001b[0mfind_all\u001b[0m\u001b[1;33m(\u001b[0m\u001b[1;34m'div'\u001b[0m\u001b[1;33m,\u001b[0m \u001b[0mclass_\u001b[0m\u001b[1;33m=\u001b[0m \u001b[1;34m\"#CommentListItem\"\u001b[0m\u001b[1;33m)\u001b[0m\u001b[1;33m\u001b[0m\u001b[1;33m\u001b[0m\u001b[0m\n\u001b[0m\u001b[0;32m      2\u001b[0m \u001b[0mprint\u001b[0m\u001b[1;33m(\u001b[0m\u001b[0mreply\u001b[0m\u001b[1;33m[\u001b[0m\u001b[1;36m0\u001b[0m\u001b[1;33m]\u001b[0m\u001b[1;33m.\u001b[0m\u001b[0mtext\u001b[0m\u001b[1;33m)\u001b[0m\u001b[1;33m\u001b[0m\u001b[1;33m\u001b[0m\u001b[0m\n",
      "\u001b[1;31mNameError\u001b[0m: name 'soups' is not defined"
     ]
    }
   ],
   "source": [
    "reply = soups.find_all('div', class_= \"#CommentListItem\")   \n",
    "print(reply[0].text)\n"
   ]
  },
  {
   "cell_type": "markdown",
   "metadata": {},
   "source": [
    "### 무한 스크롤\n",
    "import time\n",
    "\n",
    "SCROLL_PAUSE_TIME = 2\n",
    "\n",
    "    # Get scroll height\n",
    "last_height = driver.execute_script(\"return document.body.scrollHeight\")         \n",
    "\n",
    "while True:\n",
    "    # Scroll down to bottom                                                      \n",
    "    driver.execute_script(\"window.scrollTo(0, document.body.scrollHeight);\")\n",
    "\n",
    "    # Wait to load page\n",
    "    time.sleep(SCROLL_PAUSE_TIME)                                                \n",
    "    driver.execute_script(\"window.scrollTo(0, document.body.scrollHeight-50);\")  \n",
    "    #driver.execute_script(\"window.scrollTo(0, document.body.scrollHeight-50);\") \n",
    "    time.sleep(SCROLL_PAUSE_TIME)\n",
    "\n",
    "    # Calculate new scroll height and compare with last scroll height            \n",
    "    new_height = driver.execute_script(\"return document.body.scrollHeight\")\n",
    "\n",
    "if new_height == last_height:                                              \n",
    "    break\n",
    "last_height = new_height"
   ]
  },
  {
   "cell_type": "code",
   "execution_count": 60,
   "metadata": {},
   "outputs": [],
   "source": [
    "#네이버 카페 게시물이 1000개 제한이므로 scroll down <100 \n",
    "pagedowns = 1\n",
    "while pagedowns< 68: # 모바일은 한번에 게시물 15개, 웹은 10개 \n",
    "    driver.execute_script(\"window.scrollTo(0, document.body.scrollHeight);\")\n",
    "    time.sleep(2)\n",
    "    pagedowns +=1"
   ]
  },
  {
   "cell_type": "markdown",
   "metadata": {},
   "source": [
    "### 링크 추출하기\n"
   ]
  },
  {
   "cell_type": "code",
   "execution_count": 75,
   "metadata": {},
   "outputs": [
    {
     "name": "stdout",
     "output_type": "stream",
     "text": [
      "https://m.cafe.naver.com/lovesiheunggunja\n",
      "https://m.cafe.naver.com/fcbarcelona10\n",
      "https://m.cafe.naver.com/poilmom\n",
      "https://m.cafe.naver.com/songpamom\n",
      "https://m.cafe.naver.com/allkillenglish\n",
      "https://m.cafe.naver.com/culturebloom\n",
      "https://m.cafe.naver.com/ihangul\n",
      "https://m.cafe.naver.com/sujilovemom\n",
      "https://m.cafe.naver.com/dohak27\n",
      "https://m.cafe.naver.com/samwonmoms\n",
      "https://m.cafe.naver.com/allkillenglish\n",
      "https://m.cafe.naver.com/pusanmom\n",
      "https://m.cafe.naver.com/gameguidel\n",
      "https://m.cafe.naver.com/chengnamomlife\n",
      "https://m.cafe.naver.com/weandworld\n"
     ]
    }
   ],
   "source": [
    "#링크 추출하기 ->하지만 네이버 카페에서는 쓰잘데기 없다. \n",
    "html_source = driver.page_source\n",
    "url = \"https://m.search.naver.com/search.naver?where=m_article&sm=mtb_viw.all&query=%EC%BD%94%EB%A1%9C%EB%82%98&nso=\"\n",
    "result = requests.get(url)\n",
    "bs_obj = bs(html_source, \"html.parser\")\n",
    "# If_items = bs_obj.find_all(\"div\",{'class':'total_wrap'})\n",
    "reply = bs_obj.select(\".total_wrap > .total_sub > a\") #.은 class. \n",
    "for a in reply:\n",
    "    href = a.attrs['href']\n",
    "    print(href)"
   ]
  },
  {
   "cell_type": "code",
   "execution_count": 110,
   "metadata": {},
   "outputs": [],
   "source": []
  },
  {
   "cell_type": "code",
   "execution_count": 105,
   "metadata": {},
   "outputs": [
    {
     "ename": "NameError",
     "evalue": "name 'csv_test' is not defined",
     "output_type": "error",
     "traceback": [
      "\u001b[1;31m---------------------------------------------------------------------------\u001b[0m",
      "\u001b[1;31mNameError\u001b[0m                                 Traceback (most recent call last)",
      "\u001b[1;32m<ipython-input-105-a7b4b4d7eb82>\u001b[0m in \u001b[0;36m<module>\u001b[1;34m\u001b[0m\n\u001b[0;32m      1\u001b[0m \u001b[1;32mfor\u001b[0m \u001b[0mn\u001b[0m \u001b[1;32min\u001b[0m \u001b[0mrange\u001b[0m\u001b[1;33m(\u001b[0m\u001b[1;36m0\u001b[0m\u001b[1;33m,\u001b[0m\u001b[1;36m15\u001b[0m\u001b[1;33m)\u001b[0m\u001b[1;33m:\u001b[0m\u001b[1;33m\u001b[0m\u001b[1;33m\u001b[0m\u001b[0m\n\u001b[0;32m      2\u001b[0m \u001b[1;33m\u001b[0m\u001b[0m\n\u001b[1;32m----> 3\u001b[1;33m     \u001b[0murl\u001b[0m \u001b[1;33m=\u001b[0m \u001b[0mcsv_test\u001b[0m\u001b[1;33m[\u001b[0m\u001b[1;34m'Link'\u001b[0m\u001b[1;33m]\u001b[0m\u001b[1;33m[\u001b[0m\u001b[0mn\u001b[0m\u001b[1;33m]\u001b[0m\u001b[1;33m\u001b[0m\u001b[1;33m\u001b[0m\u001b[0m\n\u001b[0m\u001b[0;32m      4\u001b[0m \u001b[1;33m\u001b[0m\u001b[0m\n\u001b[0;32m      5\u001b[0m     \u001b[1;31m#웹 드라이버\u001b[0m\u001b[1;33m\u001b[0m\u001b[1;33m\u001b[0m\u001b[1;33m\u001b[0m\u001b[0m\n",
      "\u001b[1;31mNameError\u001b[0m: name 'csv_test' is not defined"
     ]
    }
   ],
   "source": [
    "for n in range(0,15):\n",
    "    \n",
    "    url = csv_test['Link'][n]\n",
    "\n",
    "    #웹 드라이버\n",
    "    driver = wd.Chrome(executable_path=\"chromedriver.exe\")\n",
    "    driver.implicitly_wait(30)\n",
    "    driver.get(url)\n"
   ]
  },
  {
   "cell_type": "code",
   "execution_count": 95,
   "metadata": {},
   "outputs": [],
   "source": [
    "import re\n",
    "import urllib\n",
    "\n",
    "from bs4 import BeautifulSoup"
   ]
  },
  {
   "cell_type": "code",
   "execution_count": 102,
   "metadata": {},
   "outputs": [
    {
     "ename": "TypeError",
     "evalue": "'module' object is not callable",
     "output_type": "error",
     "traceback": [
      "\u001b[1;31m---------------------------------------------------------------------------\u001b[0m",
      "\u001b[1;31mTypeError\u001b[0m                                 Traceback (most recent call last)",
      "\u001b[1;32m<ipython-input-102-be8293a0818d>\u001b[0m in \u001b[0;36m<module>\u001b[1;34m\u001b[0m\n\u001b[1;32m----> 1\u001b[1;33m \u001b[0msoup\u001b[0m \u001b[1;33m=\u001b[0m \u001b[0mBeautifulSoup\u001b[0m\u001b[1;33m(\u001b[0m\u001b[0murllib\u001b[0m\u001b[1;33m(\u001b[0m\u001b[1;34m\"https://m.cafe.naver.com/ca-fe/web/cafes/\"\u001b[0m\u001b[1;33m)\u001b[0m\u001b[1;33m,\u001b[0m \u001b[1;34m\"html.parser\"\u001b[0m\u001b[1;33m)\u001b[0m\u001b[1;33m\u001b[0m\u001b[1;33m\u001b[0m\u001b[0m\n\u001b[0m\u001b[0;32m      2\u001b[0m \u001b[1;33m\u001b[0m\u001b[0m\n\u001b[0;32m      3\u001b[0m \u001b[1;32mfor\u001b[0m \u001b[0mlink\u001b[0m \u001b[1;32min\u001b[0m \u001b[0msoup\u001b[0m\u001b[1;33m.\u001b[0m\u001b[0mfindAll\u001b[0m\u001b[1;33m(\u001b[0m\u001b[1;34m\"a\"\u001b[0m\u001b[1;33m)\u001b[0m\u001b[1;33m:\u001b[0m\u001b[1;33m\u001b[0m\u001b[1;33m\u001b[0m\u001b[0m\n\u001b[0;32m      4\u001b[0m     \u001b[0mprint\u001b[0m\u001b[1;33m(\u001b[0m\u001b[0mlink\u001b[0m\u001b[1;33m)\u001b[0m\u001b[1;33m\u001b[0m\u001b[1;33m\u001b[0m\u001b[0m\n",
      "\u001b[1;31mTypeError\u001b[0m: 'module' object is not callable"
     ]
    }
   ],
   "source": [
    "# 링크 추출하기 \n",
    "soup = BeautifulSoup(urllib(\"https://m.cafe.naver.com/ca-fe/web/cafes/\"), \"html.parser\")\n",
    "\n",
    "for link in soup.findAll(\"a\"):\n",
    "    print(link)"
   ]
  },
  {
   "cell_type": "code",
   "execution_count": 6,
   "metadata": {},
   "outputs": [
    {
     "ename": "NoSuchFrameException",
     "evalue": "Message: cafe_main\n",
     "output_type": "error",
     "traceback": [
      "\u001b[1;31m---------------------------------------------------------------------------\u001b[0m",
      "\u001b[1;31mNoSuchElementException\u001b[0m                    Traceback (most recent call last)",
      "\u001b[1;32m~\\anaconda3\\lib\\site-packages\\selenium\\webdriver\\remote\\switch_to.py\u001b[0m in \u001b[0;36mframe\u001b[1;34m(self, frame_reference)\u001b[0m\n\u001b[0;32m     81\u001b[0m             \u001b[1;32mtry\u001b[0m\u001b[1;33m:\u001b[0m\u001b[1;33m\u001b[0m\u001b[1;33m\u001b[0m\u001b[0m\n\u001b[1;32m---> 82\u001b[1;33m                 \u001b[0mframe_reference\u001b[0m \u001b[1;33m=\u001b[0m \u001b[0mself\u001b[0m\u001b[1;33m.\u001b[0m\u001b[0m_driver\u001b[0m\u001b[1;33m.\u001b[0m\u001b[0mfind_element\u001b[0m\u001b[1;33m(\u001b[0m\u001b[0mBy\u001b[0m\u001b[1;33m.\u001b[0m\u001b[0mID\u001b[0m\u001b[1;33m,\u001b[0m \u001b[0mframe_reference\u001b[0m\u001b[1;33m)\u001b[0m\u001b[1;33m\u001b[0m\u001b[1;33m\u001b[0m\u001b[0m\n\u001b[0m\u001b[0;32m     83\u001b[0m             \u001b[1;32mexcept\u001b[0m \u001b[0mNoSuchElementException\u001b[0m\u001b[1;33m:\u001b[0m\u001b[1;33m\u001b[0m\u001b[1;33m\u001b[0m\u001b[0m\n",
      "\u001b[1;32m~\\anaconda3\\lib\\site-packages\\selenium\\webdriver\\remote\\webdriver.py\u001b[0m in \u001b[0;36mfind_element\u001b[1;34m(self, by, value)\u001b[0m\n\u001b[0;32m    975\u001b[0m                 \u001b[0mvalue\u001b[0m \u001b[1;33m=\u001b[0m \u001b[1;34m'[name=\"%s\"]'\u001b[0m \u001b[1;33m%\u001b[0m \u001b[0mvalue\u001b[0m\u001b[1;33m\u001b[0m\u001b[1;33m\u001b[0m\u001b[0m\n\u001b[1;32m--> 976\u001b[1;33m         return self.execute(Command.FIND_ELEMENT, {\n\u001b[0m\u001b[0;32m    977\u001b[0m             \u001b[1;34m'using'\u001b[0m\u001b[1;33m:\u001b[0m \u001b[0mby\u001b[0m\u001b[1;33m,\u001b[0m\u001b[1;33m\u001b[0m\u001b[1;33m\u001b[0m\u001b[0m\n",
      "\u001b[1;32m~\\anaconda3\\lib\\site-packages\\selenium\\webdriver\\remote\\webdriver.py\u001b[0m in \u001b[0;36mexecute\u001b[1;34m(self, driver_command, params)\u001b[0m\n\u001b[0;32m    320\u001b[0m         \u001b[1;32mif\u001b[0m \u001b[0mresponse\u001b[0m\u001b[1;33m:\u001b[0m\u001b[1;33m\u001b[0m\u001b[1;33m\u001b[0m\u001b[0m\n\u001b[1;32m--> 321\u001b[1;33m             \u001b[0mself\u001b[0m\u001b[1;33m.\u001b[0m\u001b[0merror_handler\u001b[0m\u001b[1;33m.\u001b[0m\u001b[0mcheck_response\u001b[0m\u001b[1;33m(\u001b[0m\u001b[0mresponse\u001b[0m\u001b[1;33m)\u001b[0m\u001b[1;33m\u001b[0m\u001b[1;33m\u001b[0m\u001b[0m\n\u001b[0m\u001b[0;32m    322\u001b[0m             response['value'] = self._unwrap_value(\n",
      "\u001b[1;32m~\\anaconda3\\lib\\site-packages\\selenium\\webdriver\\remote\\errorhandler.py\u001b[0m in \u001b[0;36mcheck_response\u001b[1;34m(self, response)\u001b[0m\n\u001b[0;32m    241\u001b[0m             \u001b[1;32mraise\u001b[0m \u001b[0mexception_class\u001b[0m\u001b[1;33m(\u001b[0m\u001b[0mmessage\u001b[0m\u001b[1;33m,\u001b[0m \u001b[0mscreen\u001b[0m\u001b[1;33m,\u001b[0m \u001b[0mstacktrace\u001b[0m\u001b[1;33m,\u001b[0m \u001b[0malert_text\u001b[0m\u001b[1;33m)\u001b[0m\u001b[1;33m\u001b[0m\u001b[1;33m\u001b[0m\u001b[0m\n\u001b[1;32m--> 242\u001b[1;33m         \u001b[1;32mraise\u001b[0m \u001b[0mexception_class\u001b[0m\u001b[1;33m(\u001b[0m\u001b[0mmessage\u001b[0m\u001b[1;33m,\u001b[0m \u001b[0mscreen\u001b[0m\u001b[1;33m,\u001b[0m \u001b[0mstacktrace\u001b[0m\u001b[1;33m)\u001b[0m\u001b[1;33m\u001b[0m\u001b[1;33m\u001b[0m\u001b[0m\n\u001b[0m\u001b[0;32m    243\u001b[0m \u001b[1;33m\u001b[0m\u001b[0m\n",
      "\u001b[1;31mNoSuchElementException\u001b[0m: Message: no such element: Unable to locate element: {\"method\":\"css selector\",\"selector\":\"[id=\"cafe_main\"]\"}\n  (Session info: chrome=86.0.4240.75)\n",
      "\nDuring handling of the above exception, another exception occurred:\n",
      "\u001b[1;31mNoSuchElementException\u001b[0m                    Traceback (most recent call last)",
      "\u001b[1;32m~\\anaconda3\\lib\\site-packages\\selenium\\webdriver\\remote\\switch_to.py\u001b[0m in \u001b[0;36mframe\u001b[1;34m(self, frame_reference)\u001b[0m\n\u001b[0;32m     84\u001b[0m                 \u001b[1;32mtry\u001b[0m\u001b[1;33m:\u001b[0m\u001b[1;33m\u001b[0m\u001b[1;33m\u001b[0m\u001b[0m\n\u001b[1;32m---> 85\u001b[1;33m                     \u001b[0mframe_reference\u001b[0m \u001b[1;33m=\u001b[0m \u001b[0mself\u001b[0m\u001b[1;33m.\u001b[0m\u001b[0m_driver\u001b[0m\u001b[1;33m.\u001b[0m\u001b[0mfind_element\u001b[0m\u001b[1;33m(\u001b[0m\u001b[0mBy\u001b[0m\u001b[1;33m.\u001b[0m\u001b[0mNAME\u001b[0m\u001b[1;33m,\u001b[0m \u001b[0mframe_reference\u001b[0m\u001b[1;33m)\u001b[0m\u001b[1;33m\u001b[0m\u001b[1;33m\u001b[0m\u001b[0m\n\u001b[0m\u001b[0;32m     86\u001b[0m                 \u001b[1;32mexcept\u001b[0m \u001b[0mNoSuchElementException\u001b[0m\u001b[1;33m:\u001b[0m\u001b[1;33m\u001b[0m\u001b[1;33m\u001b[0m\u001b[0m\n",
      "\u001b[1;32m~\\anaconda3\\lib\\site-packages\\selenium\\webdriver\\remote\\webdriver.py\u001b[0m in \u001b[0;36mfind_element\u001b[1;34m(self, by, value)\u001b[0m\n\u001b[0;32m    975\u001b[0m                 \u001b[0mvalue\u001b[0m \u001b[1;33m=\u001b[0m \u001b[1;34m'[name=\"%s\"]'\u001b[0m \u001b[1;33m%\u001b[0m \u001b[0mvalue\u001b[0m\u001b[1;33m\u001b[0m\u001b[1;33m\u001b[0m\u001b[0m\n\u001b[1;32m--> 976\u001b[1;33m         return self.execute(Command.FIND_ELEMENT, {\n\u001b[0m\u001b[0;32m    977\u001b[0m             \u001b[1;34m'using'\u001b[0m\u001b[1;33m:\u001b[0m \u001b[0mby\u001b[0m\u001b[1;33m,\u001b[0m\u001b[1;33m\u001b[0m\u001b[1;33m\u001b[0m\u001b[0m\n",
      "\u001b[1;32m~\\anaconda3\\lib\\site-packages\\selenium\\webdriver\\remote\\webdriver.py\u001b[0m in \u001b[0;36mexecute\u001b[1;34m(self, driver_command, params)\u001b[0m\n\u001b[0;32m    320\u001b[0m         \u001b[1;32mif\u001b[0m \u001b[0mresponse\u001b[0m\u001b[1;33m:\u001b[0m\u001b[1;33m\u001b[0m\u001b[1;33m\u001b[0m\u001b[0m\n\u001b[1;32m--> 321\u001b[1;33m             \u001b[0mself\u001b[0m\u001b[1;33m.\u001b[0m\u001b[0merror_handler\u001b[0m\u001b[1;33m.\u001b[0m\u001b[0mcheck_response\u001b[0m\u001b[1;33m(\u001b[0m\u001b[0mresponse\u001b[0m\u001b[1;33m)\u001b[0m\u001b[1;33m\u001b[0m\u001b[1;33m\u001b[0m\u001b[0m\n\u001b[0m\u001b[0;32m    322\u001b[0m             response['value'] = self._unwrap_value(\n",
      "\u001b[1;32m~\\anaconda3\\lib\\site-packages\\selenium\\webdriver\\remote\\errorhandler.py\u001b[0m in \u001b[0;36mcheck_response\u001b[1;34m(self, response)\u001b[0m\n\u001b[0;32m    241\u001b[0m             \u001b[1;32mraise\u001b[0m \u001b[0mexception_class\u001b[0m\u001b[1;33m(\u001b[0m\u001b[0mmessage\u001b[0m\u001b[1;33m,\u001b[0m \u001b[0mscreen\u001b[0m\u001b[1;33m,\u001b[0m \u001b[0mstacktrace\u001b[0m\u001b[1;33m,\u001b[0m \u001b[0malert_text\u001b[0m\u001b[1;33m)\u001b[0m\u001b[1;33m\u001b[0m\u001b[1;33m\u001b[0m\u001b[0m\n\u001b[1;32m--> 242\u001b[1;33m         \u001b[1;32mraise\u001b[0m \u001b[0mexception_class\u001b[0m\u001b[1;33m(\u001b[0m\u001b[0mmessage\u001b[0m\u001b[1;33m,\u001b[0m \u001b[0mscreen\u001b[0m\u001b[1;33m,\u001b[0m \u001b[0mstacktrace\u001b[0m\u001b[1;33m)\u001b[0m\u001b[1;33m\u001b[0m\u001b[1;33m\u001b[0m\u001b[0m\n\u001b[0m\u001b[0;32m    243\u001b[0m \u001b[1;33m\u001b[0m\u001b[0m\n",
      "\u001b[1;31mNoSuchElementException\u001b[0m: Message: no such element: Unable to locate element: {\"method\":\"css selector\",\"selector\":\"[name=\"cafe_main\"]\"}\n  (Session info: chrome=86.0.4240.75)\n",
      "\nDuring handling of the above exception, another exception occurred:\n",
      "\u001b[1;31mNoSuchFrameException\u001b[0m                      Traceback (most recent call last)",
      "\u001b[1;32m<ipython-input-6-c7dcb8abadf0>\u001b[0m in \u001b[0;36m<module>\u001b[1;34m\u001b[0m\n\u001b[0;32m      1\u001b[0m \u001b[0mdriver\u001b[0m\u001b[1;33m.\u001b[0m\u001b[0mswitch_to_default_content\u001b[0m \u001b[1;31m# 상위 프레임으로 전환\u001b[0m\u001b[1;33m\u001b[0m\u001b[1;33m\u001b[0m\u001b[0m\n\u001b[1;32m----> 2\u001b[1;33m \u001b[0mdriver\u001b[0m\u001b[1;33m.\u001b[0m\u001b[0mswitch_to\u001b[0m\u001b[1;33m.\u001b[0m\u001b[0mframe\u001b[0m\u001b[1;33m(\u001b[0m\u001b[1;34m'cafe_main'\u001b[0m\u001b[1;33m)\u001b[0m \u001b[1;31m# cafe_main 프레임으로 전환\u001b[0m\u001b[1;33m\u001b[0m\u001b[1;33m\u001b[0m\u001b[0m\n\u001b[0m\u001b[0;32m      3\u001b[0m \u001b[1;33m\u001b[0m\u001b[0m\n\u001b[0;32m      4\u001b[0m \u001b[0mhtml\u001b[0m \u001b[1;33m=\u001b[0m \u001b[0mdriver\u001b[0m\u001b[1;33m.\u001b[0m\u001b[0mpage_source\u001b[0m \u001b[1;31m# 현재 페이지의 주소를 반환\u001b[0m\u001b[1;33m\u001b[0m\u001b[1;33m\u001b[0m\u001b[0m\n\u001b[0;32m      5\u001b[0m \u001b[0msoup\u001b[0m \u001b[1;33m=\u001b[0m \u001b[0mBeautifulSoup\u001b[0m\u001b[1;33m(\u001b[0m\u001b[0mhtml\u001b[0m\u001b[1;33m,\u001b[0m \u001b[1;34m'html.parser'\u001b[0m\u001b[1;33m)\u001b[0m\u001b[1;33m\u001b[0m\u001b[1;33m\u001b[0m\u001b[0m\n",
      "\u001b[1;32m~\\anaconda3\\lib\\site-packages\\selenium\\webdriver\\remote\\switch_to.py\u001b[0m in \u001b[0;36mframe\u001b[1;34m(self, frame_reference)\u001b[0m\n\u001b[0;32m     85\u001b[0m                     \u001b[0mframe_reference\u001b[0m \u001b[1;33m=\u001b[0m \u001b[0mself\u001b[0m\u001b[1;33m.\u001b[0m\u001b[0m_driver\u001b[0m\u001b[1;33m.\u001b[0m\u001b[0mfind_element\u001b[0m\u001b[1;33m(\u001b[0m\u001b[0mBy\u001b[0m\u001b[1;33m.\u001b[0m\u001b[0mNAME\u001b[0m\u001b[1;33m,\u001b[0m \u001b[0mframe_reference\u001b[0m\u001b[1;33m)\u001b[0m\u001b[1;33m\u001b[0m\u001b[1;33m\u001b[0m\u001b[0m\n\u001b[0;32m     86\u001b[0m                 \u001b[1;32mexcept\u001b[0m \u001b[0mNoSuchElementException\u001b[0m\u001b[1;33m:\u001b[0m\u001b[1;33m\u001b[0m\u001b[1;33m\u001b[0m\u001b[0m\n\u001b[1;32m---> 87\u001b[1;33m                     \u001b[1;32mraise\u001b[0m \u001b[0mNoSuchFrameException\u001b[0m\u001b[1;33m(\u001b[0m\u001b[0mframe_reference\u001b[0m\u001b[1;33m)\u001b[0m\u001b[1;33m\u001b[0m\u001b[1;33m\u001b[0m\u001b[0m\n\u001b[0m\u001b[0;32m     88\u001b[0m \u001b[1;33m\u001b[0m\u001b[0m\n\u001b[0;32m     89\u001b[0m         \u001b[0mself\u001b[0m\u001b[1;33m.\u001b[0m\u001b[0m_driver\u001b[0m\u001b[1;33m.\u001b[0m\u001b[0mexecute\u001b[0m\u001b[1;33m(\u001b[0m\u001b[0mCommand\u001b[0m\u001b[1;33m.\u001b[0m\u001b[0mSWITCH_TO_FRAME\u001b[0m\u001b[1;33m,\u001b[0m \u001b[1;33m{\u001b[0m\u001b[1;34m'id'\u001b[0m\u001b[1;33m:\u001b[0m \u001b[0mframe_reference\u001b[0m\u001b[1;33m}\u001b[0m\u001b[1;33m)\u001b[0m\u001b[1;33m\u001b[0m\u001b[1;33m\u001b[0m\u001b[0m\n",
      "\u001b[1;31mNoSuchFrameException\u001b[0m: Message: cafe_main\n"
     ]
    }
   ],
   "source": [
    "driver.switch_to_default_content # 상위 프레임으로 전환\n",
    "driver.switch_to.frame('cafe_main') # cafe_main 프레임으로 전환\n",
    "\n",
    "html = driver.page_source # 현재 페이지의 주소를 반환 \n",
    "soup = BeautifulSoup(html, 'html.parser')\n",
    "\n",
    "# 댓글수와 조회수를 찾는다     \n",
    "reply_sort = soup.find_all('div', class_='fl reply_sort')"
   ]
  },
  {
   "cell_type": "code",
   "execution_count": null,
   "metadata": {},
   "outputs": [],
   "source": []
  }
 ],
 "metadata": {
  "kernelspec": {
   "display_name": "Python 3",
   "language": "python",
   "name": "python3"
  },
  "language_info": {
   "codemirror_mode": {
    "name": "ipython",
    "version": 3
   },
   "file_extension": ".py",
   "mimetype": "text/x-python",
   "name": "python",
   "nbconvert_exporter": "python",
   "pygments_lexer": "ipython3",
   "version": "3.8.3"
  }
 },
 "nbformat": 4,
 "nbformat_minor": 4
}
